[2024-05-18 00:06:53] callback
[2024-05-18 00:07:03] LINE-from:admin mes:re
[2024-05-18 00:07:03] OK
[2024-05-18 00:07:03] callback
[2024-05-18 00:08:59] LINE-from:admin mes:re
[2024-05-18 00:09:58] LINE-from:admin mes:re
[2024-05-18 00:12:02] LINE-from:admin mes:re
[2024-05-18 00:13:15] LINE-from:admin mes:path
[2024-05-18 00:13:15] OK
[2024-05-18 00:13:15] callback
[2024-05-18 00:13:18] LINE-from:admin mes:re
[2024-05-18 00:13:51] LINE-from:admin mes:re
[2024-05-18 00:35:28] LINE-from:admin mes:re
[2024-05-18 00:35:28] OK
[2024-05-18 00:36:48] LINE-from:admin mes:ｆｄｌ
[2024-05-18 00:36:48] OK
[2024-05-18 00:36:52] LINE-from:admin mes:re
[2024-05-18 00:39:16] LINE-from:admin mes:re
[2024-05-18 00:41:27] LINE-from:admin mes:re
[2024-05-18 00:41:29] OK
[2024-05-18 00:41:29] callback
[2024-05-18 00:42:37] LINE-from:admin mes:re
[2024-05-18 00:42:37] OK
[2024-05-18 00:42:37] callback
[2024-05-18 00:43:03] LINE-from:admin mes:re
[2024-05-18 00:43:05] OK
[2024-05-18 00:43:05] callback
[2024-05-18 00:52:15] LINE-from:admin mes:re
[2024-05-18 00:52:17] OK
[2024-05-18 00:52:17] callback
[2024-05-18 00:52:58] LINE-from:admin mes:re
[2024-05-18 00:52:59] OK
[2024-05-18 00:52:59] callback
[2024-05-18 00:54:03] LINE-from:admin mes:re
[2024-05-18 00:54:03] OK
[2024-05-18 00:54:03] callback
[2024-05-18 01:00:00] LINE-from:admin mes:re
[2024-05-18 01:00:00] OK
[2024-05-18 01:00:00] callback
[2024-05-18 01:02:40] LINE-from:admin mes:re
[2024-05-18 01:02:40] OK
[2024-05-18 01:02:40] callback
[2024-05-18 01:02:47] LINE-from:admin mes:re
[2024-05-18 01:02:47] OK
[2024-05-18 01:02:47] callback
[2024-05-18 01:06:19] LINE-from:admin mes:re
[2024-05-18 01:08:47] OK
[2024-05-18 01:08:47] callback
[2024-05-18 01:08:54] LINE-from:admin mes:re
[2024-05-18 01:10:35] OK
[2024-05-18 01:10:35] callback
[2024-05-18 01:10:51] LINE-from:admin mes:ABC
[2024-05-18 01:10:51] OK
[2024-05-18 01:10:51] callback
[2024-05-18 01:10:56] LINE-from:admin mes:re
[2024-05-18 01:11:38] LINE-from:admin mes:ABC
[2024-05-18 01:11:39] OK
[2024-05-18 01:11:39] callback
[2024-05-18 01:13:30] LINE-from:admin mes:re
[2024-05-18 01:14:19] OK
[2024-05-18 01:14:19] callback
[2024-05-18 01:14:48] LINE-from:admin mes:re
[2024-05-18 01:16:48] OK
[2024-05-18 01:16:48] callback
[2024-05-18 01:18:06] OK
[2024-05-18 01:18:06] callback
[2024-05-18 02:15:03] LINE-from:admin mes:re
[2024-05-18 02:15:04] OK
[2024-05-18 02:15:04] callback
[2024-05-18 02:21:51] LINE-from:admin mes:re
[2024-05-18 02:21:51] OK
[2024-05-18 02:21:51] callback
[2024-05-18 02:25:13] LINE-from:admin mes:re
[2024-05-18 02:25:14] OK
[2024-05-18 02:25:14] callback
[2024-05-18 14:29:13] LINE-from:admin mes:unch
[2024-05-18 14:29:13] OK
[2024-05-18 14:29:13] callback
[2024-05-18 22:07:03] LINE-from:admin mes:re
[2024-05-18 22:07:24] OK
[2024-05-18 22:07:24] callback
[2024-05-18 22:09:18] LINE-from:admin mes:self
[2024-05-18 22:12:49] LINE-from:admin mes:self
[2024-05-18 22:12:50] OK
[2024-05-18 22:12:50] callback
[2024-05-19 21:00:22] LINE-from:admin mes:unch
[2024-05-19 21:00:22] OK
[2024-05-19 21:00:22] callback
